[    0.000000] Initializing cgroup subsys cpuset
[    0.000000] Initializing cgroup subsys cpu
[    0.000000] Initializing cgroup subsys cpuacct
[    0.000000] Linux version 4.4.0-170-generic (buildd@lcy01-amd64-019) (gcc version 5.4.0 20160609 (Ubuntu 5.4.0-6ubuntu1~16.04.12) ) #199-Ubuntu SMP Thu Nov 14 01:45:04 UTC 2019 (Ubuntu 4.4.0-170.199-generic 4.4.200)
[    0.000000] Command line: BOOT_IMAGE=/boot/vmlinuz-4.4.0-170-generic root=LABEL=cloudimg-rootfs ro console=tty1 console=ttyS0
[    0.000000] KERNEL supported cpus:
[    0.000000]   Intel GenuineIntel
[    0.000000]   AMD AuthenticAMD
[    0.000000]   Centaur CentaurHauls
[    0.000000] x86/fpu: xstate_offset[2]:  576, xstate_sizes[2]:  256
[    0.000000] x86/fpu: Supporting XSAVE feature 0x01: 'x87 floating point registers'
[    0.000000] x86/fpu: Supporting XSAVE feature 0x02: 'SSE registers'
[    0.000000] x86/fpu: Supporting XSAVE feature 0x04: 'AVX registers'
[    0.000000] x86/fpu: Enabled xstate features 0x7, context size is 832 bytes, using 'standard' format.
[    0.000000] e820: BIOS-provided physical RAM map:
[    0.000000] BIOS-e820: [mem 0x0000000000000000-0x000000000009fbff] usable
[    0.000000] BIOS-e820: [mem 0x000000000009fc00-0x000000000009ffff] reserved
[    0.000000] BIOS-e820: [mem 0x00000000000f0000-0x00000000000fffff] reserved
[    0.000000] BIOS-e820: [mem 0x0000000000100000-0x000000003ffeffff] usable
[    0.000000] BIOS-e820: [mem 0x000000003fff0000-0x000000003fffffff] ACPI data
[    0.000000] BIOS-e820: [mem 0x00000000fec00000-0x00000000fec00fff] reserved
[    0.000000] BIOS-e820: [mem 0x00000000fee00000-0x00000000fee00fff] reserved
[    0.000000] BIOS-e820: [mem 0x00000000fffc0000-0x00000000ffffffff] reserved
[    0.000000] NX (Execute Disable) protection: active
[    0.000000] SMBIOS 2.5 present.
[    0.000000] Hypervisor detected: KVM
[    0.000000] Kernel/User page tables isolation: disabled
[    0.000000] e820: last_pfn = 0x3fff0 max_arch_pfn = 0x400000000
[    0.000000] MTRR: Disabled
[    0.000000] x86/PAT: MTRRs disabled, skipping PAT initialization too.
[    0.000000] CPU MTRRs all blank - virtualized system.
[    0.000000] x86/PAT: Configuration [0-7]: WB  WT  UC- UC  WB  WT  UC- UC  
[    0.000000] found SMP MP-table at [mem 0x0009fff0-0x0009ffff] mapped at [ffff88000009fff0]
[    0.000000] Scanning 1 areas for low memory corruption
[    0.000000] RAMDISK: [mem 0x362f4000-0x37171fff]
[    0.000000] ACPI: Early table checksum verification disabled
[    0.000000] ACPI: RSDP 0x00000000000E0000 000024 (v02 VBOX  )
[    0.000000] ACPI: XSDT 0x000000003FFF0030 00003C (v01 VBOX   VBOXXSDT 00000001 ASL  00000061)
[    0.000000] ACPI: FACP 0x000000003FFF00F0 0000F4 (v04 VBOX   VBOXFACP 00000001 ASL  00000061)
[    0.000000] ACPI: DSDT 0x000000003FFF0470 0022EA (v02 VBOX   VBOXBIOS 00000002 INTL 20100528)
[    0.000000] ACPI: FACS 0x000000003FFF0200 000040
[    0.000000] ACPI: FACS 0x000000003FFF0200 000040
[    0.000000] ACPI: APIC 0x000000003FFF0240 00005C (v02 VBOX   VBOXAPIC 00000001 ASL  00000061)
[    0.000000] ACPI: SSDT 0x000000003FFF02A0 0001CC (v01 VBOX   VBOXCPUT 00000002 INTL 20100528)
[    0.000000] No NUMA configuration found
[    0.000000] Faking a node at [mem 0x0000000000000000-0x000000003ffeffff]
[    0.000000] NODE_DATA(0) allocated [mem 0x3ffeb000-0x3ffeffff]
[    0.000000] kvm-clock: Using msrs 4b564d01 and 4b564d00
[    0.000000] kvm-clock: cpu 0, msr 0:3ffe3001, primary cpu clock
[    0.000000] kvm-clock: using sched offset of 4022402758 cycles
[    0.000000] clocksource: kvm-clock: mask: 0xffffffffffffffff max_cycles: 0x1cd42e4dffb, max_idle_ns: 881590591483 ns
[    0.000000] Zone ranges:
[    0.000000]   DMA      [mem 0x0000000000001000-0x0000000000ffffff]
[    0.000000]   DMA32    [mem 0x0000000001000000-0x000000003ffeffff]
[    0.000000]   Normal   empty
[    0.000000]   Device   empty
[    0.000000] Movable zone start for each node
[    0.000000] Early memory node ranges
[    0.000000]   node   0: [mem 0x0000000000001000-0x000000000009efff]
[    0.000000]   node   0: [mem 0x0000000000100000-0x000000003ffeffff]
[    0.000000] Initmem setup node 0 [mem 0x0000000000001000-0x000000003ffeffff]
[    0.000000] ACPI: PM-Timer IO Port: 0x4008
[    0.000000] IOAPIC[0]: apic_id 2, version 32, address 0xfec00000, GSI 0-23
[    0.000000] ACPI: INT_SRC_OVR (bus 0 bus_irq 0 global_irq 2 dfl dfl)
[    0.000000] ACPI: INT_SRC_OVR (bus 0 bus_irq 9 global_irq 9 low level)
[    0.000000] Using ACPI (MADT) for SMP configuration information
[    0.000000] smpboot: Allowing 2 CPUs, 0 hotplug CPUs
[    0.000000] PM: Registered nosave memory: [mem 0x00000000-0x00000fff]
[    0.000000] PM: Registered nosave memory: [mem 0x0009f000-0x0009ffff]
[    0.000000] PM: Registered nosave memory: [mem 0x000a0000-0x000effff]
[    0.000000] PM: Registered nosave memory: [mem 0x000f0000-0x000fffff]
[    0.000000] e820: [mem 0x40000000-0xfebfffff] available for PCI devices
[    0.000000] Booting paravirtualized kernel on KVM
[    0.000000] clocksource: refined-jiffies: mask: 0xffffffff max_cycles: 0xffffffff, max_idle_ns: 7645519600211568 ns
[    0.000000] setup_percpu: NR_CPUS:512 nr_cpumask_bits:512 nr_cpu_ids:2 nr_node_ids:1
[    0.000000] PERCPU: Embedded 33 pages/cpu @ffff88003fc00000 s95448 r8192 d31528 u1048576
[    0.000000] Built 1 zonelists in Node order, mobility grouping on.  Total pages: 257912
[    0.000000] Policy zone: DMA32
[    0.000000] Kernel command line: BOOT_IMAGE=/boot/vmlinuz-4.4.0-170-generic root=LABEL=cloudimg-rootfs ro console=tty1 console=ttyS0
[    0.000000] PID hash table entries: 4096 (order: 3, 32768 bytes)
[    0.000000] Memory: 997716K/1048120K available (8626K kernel code, 1336K rwdata, 4036K rodata, 1488K init, 1288K bss, 50404K reserved, 0K cma-reserved)
[    0.000000] SLUB: HWalign=64, Order=0-3, MinObjects=0, CPUs=2, Nodes=1
[    0.000000] Hierarchical RCU implementation.
[    0.000000] 	Build-time adjustment of leaf fanout to 64.
[    0.000000] 	RCU restricting CPUs from NR_CPUS=512 to nr_cpu_ids=2.
[    0.000000] RCU: Adjusting geometry for rcu_fanout_leaf=64, nr_cpu_ids=2
[    0.000000] NR_IRQS:33024 nr_irqs:440 16
[    0.000000] Console: colour VGA+ 80x25
[    0.000000] console [tty1] enabled
[    0.000000] console [ttyS0] enabled
[    0.000000] tsc: Detected 1992.002 MHz processor
[    0.270312] Calibrating delay loop (skipped) preset value.. 3984.00 BogoMIPS (lpj=7968008)
[    0.272580] pid_max: default: 32768 minimum: 301
[    0.273466] ACPI: Core revision 20150930
[    0.275096] ACPI: 2 ACPI AML tables successfully acquired and loaded
[    0.276568] Security Framework initialized
[    0.277658] Yama: becoming mindful.
[    0.278351] AppArmor: AppArmor initialized
[    0.279133] Dentry cache hash table entries: 131072 (order: 8, 1048576 bytes)
[    0.280423] Inode-cache hash table entries: 65536 (order: 7, 524288 bytes)
[    0.294259] Mount-cache hash table entries: 2048 (order: 2, 16384 bytes)
[    0.295201] Mountpoint-cache hash table entries: 2048 (order: 2, 16384 bytes)
[    0.296236] Initializing cgroup subsys io
[    0.297006] Initializing cgroup subsys memory
[    0.297798] Initializing cgroup subsys devices
[    0.298524] Initializing cgroup subsys freezer
[    0.299258] Initializing cgroup subsys net_cls
[    0.300095] Initializing cgroup subsys perf_event
[    0.300955] Initializing cgroup subsys net_prio
[    0.302128] Initializing cgroup subsys hugetlb
[    0.302830] Initializing cgroup subsys pids
[    0.304628] mce: CPU supports 0 MCE banks
[    0.305309] Last level iTLB entries: 4KB 64, 2MB 8, 4MB 8
[    0.306055] Last level dTLB entries: 4KB 64, 2MB 0, 4MB 0, 1GB 4
[    0.306813] Spectre V1 : Mitigation: usercopy/swapgs barriers and __user pointer sanitization
[    0.308002] Spectre V2 : Mitigation: Enhanced IBRS
[    0.308641] Spectre V2 : Spectre v2 / SpectreRSB mitigation: Filling RSB on context switch
[    0.309797] Speculative Store Bypass: Vulnerable
[    0.312657] Freeing SMP alternatives memory: 36K
[    0.318632] ftrace: allocating 32302 entries in 127 pages
[    0.371516] smpboot: APIC(0) Converting physical 0 to logical package 0
[    0.373848] smpboot: Max logical packages: 1
[    0.376193] x2apic enabled
[    0.377999] Switched APIC routing to physical x2apic.
[    0.382049] ..TIMER: vector=0x30 apic1=0 pin1=2 apic2=-1 pin2=-1
[    0.492741] smpboot: CPU0: Intel(R) Core(TM) i7-8565U CPU @ 1.80GHz (family: 0x6, model: 0x8e, stepping: 0xc)
[    0.496931] Performance Events: unsupported p6 CPU model 142 no PMU driver, software events only.
[    0.516791] KVM setup paravirtual spinlock
[    0.519720] x86: Booting SMP configuration:
[    0.521206] .... node  #0, CPUs:      #1
[    0.523035] kvm-clock: cpu 1, msr 0:3ffe3041, secondary cpu clock
[    0.526661] mce: CPU supports 0 MCE banks
[    0.529603] x86: Booted up 1 node, 2 CPUs
[    0.531187] smpboot: Total of 2 processors activated (7968.00 BogoMIPS)
[    0.534197] devtmpfs: initialized
[    0.539060] evm: security.selinux
[    0.540425] evm: security.SMACK64
[    0.541933] evm: security.SMACK64EXEC
[    0.543143] evm: security.SMACK64TRANSMUTE
[    0.544361] evm: security.SMACK64MMAP
[    0.545555] evm: security.ima
[    0.546609] evm: security.capability
[    0.548070] clocksource: jiffies: mask: 0xffffffff max_cycles: 0xffffffff, max_idle_ns: 7645041785100000 ns
[    0.551189] futex hash table entries: 512 (order: 3, 32768 bytes)
[    0.553323] pinctrl core: initialized pinctrl subsystem
[    0.555401] RTC time: 17:00:16, date: 01/15/20
[    0.579704] NET: Registered protocol family 16
[    0.594756] cpuidle: using governor ladder
[    0.606179] cpuidle: using governor menu
[    0.607638] PCCT header not found.
[    0.608691] ACPI: bus type PCI registered
[    0.609804] acpiphp: ACPI Hot Plug PCI Controller Driver version: 0.5
[    0.611492] PCI: Using configuration type 1 for base access
[    0.627841] ACPI: Added _OSI(Module Device)
[    0.629665] ACPI: Added _OSI(Processor Device)
[    0.631404] ACPI: Added _OSI(3.0 _SCP Extensions)
[    0.633271] ACPI: Added _OSI(Processor Aggregator Device)
[    0.636717] ACPI: Executed 1 blocks of module-level executable AML code
[    0.641690] ACPI: Interpreter enabled
[    0.642812] ACPI: (supports S0 S5)
[    0.643809] ACPI: Using IOAPIC for interrupt routing
[    0.645262] PCI: Using host bridge windows from ACPI; if necessary, use "pci=nocrs" and report a bug
[    0.652236] ACPI: PCI Root Bridge [PCI0] (domain 0000 [bus 00-ff])
[    0.654851] acpi PNP0A03:00: _OSC: OS supports [ASPM ClockPM Segments MSI]
[    0.658411] acpi PNP0A03:00: _OSC: not requesting OS control; OS requires [ExtendedConfig ASPM ClockPM MSI]
[    0.660799] acpi PNP0A03:00: fail to add MMCONFIG information, can't access extended PCI configuration space under this bridge.
[    0.663767] PCI host bridge to bus 0000:00
[    0.664911] pci_bus 0000:00: root bus resource [io  0x0000-0x0cf7 window]
[    0.666493] pci_bus 0000:00: root bus resource [io  0x0d00-0xffff window]
[    0.668172] pci_bus 0000:00: root bus resource [mem 0x000a0000-0x000bffff window]
[    0.670187] pci_bus 0000:00: root bus resource [mem 0x40000000-0xfdffffff window]
[    0.672091] pci_bus 0000:00: root bus resource [bus 00-ff]
[    0.676614] pci 0000:00:01.1: legacy IDE quirk: reg 0x10: [io  0x01f0-0x01f7]
[    0.678967] pci 0000:00:01.1: legacy IDE quirk: reg 0x14: [io  0x03f6]
[    0.680947] pci 0000:00:01.1: legacy IDE quirk: reg 0x18: [io  0x0170-0x0177]
[    0.683044] pci 0000:00:01.1: legacy IDE quirk: reg 0x1c: [io  0x0376]
[    0.708669] pci 0000:00:07.0: quirk: [io  0x4000-0x403f] claimed by PIIX4 ACPI
[    0.731207] pci 0000:00:07.0: quirk: [io  0x4100-0x410f] claimed by PIIX4 SMB
[    0.747289] ACPI: PCI Interrupt Link [LNKA] (IRQs 5 9 10 *11)
[    0.750791] ACPI: PCI Interrupt Link [LNKB] (IRQs 5 9 *10 11)
[    0.753461] ACPI: PCI Interrupt Link [LNKC] (IRQs 5 *9 10 11)
[    0.755758] ACPI: PCI Interrupt Link [LNKD] (IRQs 5 9 10 *11)
[    0.758221] ACPI: Enabled 2 GPEs in block 00 to 07
[    0.759961] vgaarb: setting as boot device: PCI:0000:00:02.0
[    0.761461] vgaarb: device added: PCI:0000:00:02.0,decodes=io+mem,owns=io+mem,locks=none
[    0.763579] vgaarb: loaded
[    0.764457] vgaarb: bridge control possible 0000:00:02.0
[    0.766088] SCSI subsystem initialized
[    0.767408] ACPI: bus type USB registered
[    0.768579] usbcore: registered new interface driver usbfs
[    0.769994] usbcore: registered new interface driver hub
[    0.771545] usbcore: registered new device driver usb
[    0.773547] PCI: Using ACPI for IRQ routing
[    0.775042] NetLabel: Initializing
[    0.776088] NetLabel:  domain hash size = 128
[    0.777059] NetLabel:  protocols = UNLABELED CIPSOv4
[    0.778143] NetLabel:  unlabeled traffic allowed by default
[    0.779636] amd_nb: Cannot enumerate AMD northbridges
[    0.780944] clocksource: Switched to clocksource kvm-clock
[    0.842549] AppArmor: AppArmor Filesystem Enabled
[    0.843847] pnp: PnP ACPI init
[    0.845132] pnp: PnP ACPI: found 3 devices
[    0.868546] clocksource: acpi_pm: mask: 0xffffff max_cycles: 0xffffff, max_idle_ns: 2085701024 ns
[    0.872194] NET: Registered protocol family 2
[    0.875300] TCP established hash table entries: 8192 (order: 4, 65536 bytes)
[    0.878181] TCP bind hash table entries: 8192 (order: 5, 131072 bytes)
[    0.880752] TCP: Hash tables configured (established 8192 bind 8192)
[    0.883170] UDP hash table entries: 512 (order: 2, 16384 bytes)
[    0.885644] UDP-Lite hash table entries: 512 (order: 2, 16384 bytes)
[    0.888336] NET: Registered protocol family 1
[    0.890795] pci 0000:00:00.0: Limiting direct PCI/PCI transfers
[    0.893424] pci 0000:00:01.0: Activating ISA DMA hang workarounds
[    0.925993] Unpacking initramfs...
[    2.421943] Freeing initrd memory: 14840K
[    2.423911] clocksource: tsc: mask: 0xffffffffffffffff max_cycles: 0x396d566cf43, max_idle_ns: 881590760263 ns
[    2.427018] platform rtc_cmos: registered platform RTC device (no PNP device found)
[    2.429538] Scanning for low memory corruption every 60 seconds
[    2.432062] audit: initializing netlink subsys (disabled)
[    2.433320] audit: type=2000 audit(1579107623.825:1): initialized
[    2.435191] Initialise system trusted keyring
[    2.436618] HugeTLB registered 2 MB page size, pre-allocated 0 pages
[    2.439272] zbud: loaded
[    2.440147] VFS: Disk quotas dquot_6.6.0
[    2.441758] VFS: Dquot-cache hash table entries: 512 (order 0, 4096 bytes)
[    2.443344] squashfs: version 4.0 (2009/01/31) Phillip Lougher
[    2.444629] fuse init (API version 7.23)
[    2.445517] Key type big_key registered
[    2.446168] Allocating IMA MOK and blacklist keyrings.
[    2.451524] Key type asymmetric registered
[    2.452855] Asymmetric key parser 'x509' registered
[    2.453928] Block layer SCSI generic (bsg) driver version 0.4 loaded (major 249)
[    2.455613] io scheduler noop registered
[    2.456455] io scheduler deadline registered (default)
[    2.457388] io scheduler cfq registered
[    2.458372] pci_hotplug: PCI Hot Plug PCI Core version: 0.5
[    2.459345] pciehp: PCI Express Hot Plug Controller Driver version: 0.4
[    2.460707] ACPI: AC Adapter [AC] (off-line)
[    2.461757] input: Power Button as /devices/LNXSYSTM:00/LNXPWRBN:00/input/input0
[    2.463227] ACPI: Power Button [PWRF]
[    2.464211] input: Sleep Button as /devices/LNXSYSTM:00/LNXSLPBN:00/input/input1
[    2.465829] ACPI: Sleep Button [SLPF]
[    2.466874] GHES: HEST is not enabled!
[    2.468361] ACPI: Battery Slot [BAT0] (battery present)
[    2.469326] Serial: 8250/16550 driver, 32 ports, IRQ sharing enabled
[    2.491029] 00:02: ttyS0 at I/O 0x3f8 (irq = 4, base_baud = 115200) is a 16550A
[    2.493217] Linux agpgart interface v0.103
[    2.496205] loop: module loaded
[    2.497363] scsi host0: ata_piix
[    2.498126] scsi host1: ata_piix
[    2.498637] ata1: PATA max UDMA/33 cmd 0x1f0 ctl 0x3f6 bmdma 0xd000 irq 14
[    2.499529] ata2: PATA max UDMA/33 cmd 0x170 ctl 0x376 bmdma 0xd008 irq 15
[    2.500535] libphy: Fixed MDIO Bus: probed
[    2.501357] tun: Universal TUN/TAP device driver, 1.6
[    2.502099] tun: (C) 1999-2004 Max Krasnyansky <maxk@qualcomm.com>
[    2.502985] PPP generic driver version 2.4.2
[    2.503687] ehci_hcd: USB 2.0 'Enhanced' Host Controller (EHCI) Driver
[    2.504582] ehci-pci: EHCI PCI platform driver
[    2.505315] ehci-platform: EHCI generic platform driver
[    2.506188] ohci_hcd: USB 1.1 'Open' Host Controller (OHCI) Driver
[    2.507174] ohci-pci: OHCI PCI platform driver
[    2.507930] ohci-platform: OHCI generic platform driver
[    2.508786] uhci_hcd: USB Universal Host Controller Interface driver
[    2.509810] i8042: PNP: PS/2 Controller [PNP0303:PS2K,PNP0f03:PS2M] at 0x60,0x64 irq 1,12
[    2.511570] serio: i8042 KBD port at 0x60,0x64 irq 1
[    2.512345] serio: i8042 AUX port at 0x60,0x64 irq 12
[    2.513903] mousedev: PS/2 mouse device common for all mice
[    2.514925] input: AT Translated Set 2 keyboard as /devices/platform/i8042/serio0/input/input2
[    2.516556] rtc_cmos rtc_cmos: rtc core: registered rtc_cmos as rtc0
[    2.517750] rtc_cmos rtc_cmos: alarms up to one day, 114 bytes nvram
[    2.518676] i2c /dev entries driver
[    2.519385] device-mapper: uevent: version 1.0.3
[    2.520161] device-mapper: ioctl: 4.34.0-ioctl (2015-10-28) initialised: dm-devel@redhat.com
[    2.521495] ledtrig-cpu: registered to indicate activity on CPUs
[    2.523118] NET: Registered protocol family 10
[    2.524428] NET: Registered protocol family 17
[    2.525229] Key type dns_resolver registered
[    2.526277] registered taskstats version 1
[    2.527119] Loading compiled-in X.509 certificates
[    2.528513] Loaded X.509 cert 'Build time autogenerated kernel key: f0e56e97f406068ace47a9bf54316e9855aaaa43'
[    2.530340] zswap: loaded using pool lzo/zbud
[    2.532321] Key type trusted registered
[    2.535312] Key type encrypted registered
[    2.536196] AppArmor: AppArmor sha1 policy hashing enabled
[    2.536950] ima: No TPM chip found, activating TPM-bypass!
[    2.537803] ima: Allocated hash algorithm: sha1
[    2.538557] evm: HMAC attrs: 0x1
[    2.539352]   Magic number: 4:859:36
[    2.539950] bdi 7:1: hash matches
[    2.540485] misc loop-control: hash matches
[    2.541207] rtc_cmos rtc_cmos: setting system clock to 2020-01-15 17:00:18 UTC (1579107618)
[    2.542435] BIOS EDD facility v0.16 2004-Jun-25, 0 devices found
[    2.543249] EDD information not available.
[    2.656061] Freeing unused kernel memory: 1488K
[    2.658000] Write protecting the kernel read-only data: 14336k
[    2.661027] Freeing unused kernel memory: 1604K
[    2.663206] Freeing unused kernel memory: 60K
Loading, please wait...
starting version 229
[    2.687437] random: systemd-udevd: uninitialized urandom read (16 bytes read, 3 bits of entropy available)
[    2.688364] random: udevadm: uninitialized urandom read (16 bytes read, 3 bits of entropy available)
[    2.688394] random: udevadm: uninitialized urandom read (16 bytes read, 3 bits of entropy available)
[    2.696366] random: systemd-udevd: uninitialized urandom read (16 bytes read, 3 bits of entropy available)
[    2.697694] random: udevadm: uninitialized urandom read (16 bytes read, 3 bits of entropy available)
[    2.697736] random: udevadm: uninitialized urandom read (16 bytes read, 3 bits of entropy available)
[    2.697856] random: udevadm: uninitialized urandom read (16 bytes read, 3 bits of entropy available)
[    2.697902] random: udevadm: uninitialized urandom read (16 bytes read, 3 bits of entropy available)
[    2.697944] random: udevadm: uninitialized urandom read (16 bytes read, 3 bits of entropy available)
[    2.698010] random: udevadm: uninitialized urandom read (16 bytes read, 3 bits of entropy available)
[    2.745540] e1000: Intel(R) PRO/1000 Network Driver - version 7.3.21-k8-NAPI
[    2.747310] e1000: Copyright (c) 1999-2006 Intel Corporation.
[    2.750713] Fusion MPT base driver 3.04.20
[    2.752056] Copyright (c) 1999-2008 LSI Corporation
[    2.798237] AVX2 version of gcm_enc/dec engaged.
[    2.800067] AES CTR mode by8 optimization enabled
[    2.806227] Fusion MPT SPI Host driver 3.04.20
[    3.018750] input: ImExPS/2 Generic Explorer Mouse as /devices/platform/i8042/serio1/input/input4
[    3.466326] e1000 0000:00:03.0 eth0: (PCI:33MHz:32-bit) 02:4f:25:6a:cc:77
[    3.469063] e1000 0000:00:03.0 eth0: Intel(R) PRO/1000 Network Connection
[    3.972941] e1000 0000:00:08.0 eth1: (PCI:33MHz:32-bit) 08:00:27:57:69:b0
[    3.974656] e1000 0000:00:08.0 eth1: Intel(R) PRO/1000 Network Connection
[    3.977340] mptbase: ioc0: Initiating bringup
[    3.977418] e1000 0000:00:03.0 enp0s3: renamed from eth0
[    3.991132] e1000 0000:00:08.0 enp0s8: renamed from eth1
[    4.054046] ioc0: LSI53C1030 A0: Capabilities={Initiator}
[    4.222532] scsi host2: ioc0: LSI53C1030 A0, FwRev=00000000h, Ports=1, MaxQ=256, IRQ=20
[    4.342117] scsi 2:0:0:0: Direct-Access     VBOX     HARDDISK         1.0  PQ: 0 ANSI: 5
[    4.345366] scsi target2:0:0: Beginning Domain Validation
[    4.352765] scsi target2:0:0: Domain Validation skipping write tests
[    4.355192] scsi target2:0:0: Ending Domain Validation
[    4.357543] scsi target2:0:0: asynchronous
[    4.361062] scsi 2:0:1:0: Direct-Access     VBOX     HARDDISK         1.0  PQ: 0 ANSI: 5
[    4.383590] scsi target2:0:1: Beginning Domain Validation
[    4.390611] scsi target2:0:1: Domain Validation skipping write tests
[    4.392577] scsi target2:0:1: Ending Domain Validation
[    4.394467] scsi target2:0:1: asynchronous
[    4.413433] sd 2:0:0:0: Attached scsi generic sg0 type 0
[    4.413704] sd 2:0:0:0: [sda] 20971520 512-byte logical blocks: (10.7 GB/10.0 GiB)
[    4.414183] sd 2:0:0:0: [sda] Write Protect is off
[    4.414430] sd 2:0:0:0: [sda] Incomplete mode parameter data
[    4.414432] sd 2:0:0:0: [sda] Assuming drive cache: write through
[    4.416463]  sda: sda1
[    4.418335] sd 2:0:0:0: [sda] Attached SCSI disk
[    4.428757] sd 2:0:1:0: [sdb] 20480 512-byte logical blocks: (10.5 MB/10.0 MiB)
[    4.431584] sd 2:0:1:0: Attached scsi generic sg1 type 0
[    4.433935] sd 2:0:1:0: [sdb] Write Protect is off
[    4.436297] sd 2:0:1:0: [sdb] Incomplete mode parameter data
[    4.438189] sd 2:0:1:0: [sdb] Assuming drive cache: write through
[    4.446366] sd 2:0:1:0: [sdb] Attached SCSI disk
Begin: Loading essential drivers ... [    6.020957] md: linear personality registered for level -1
[    6.026232] md: multipath personality registered for level -4
[    6.031993] md: raid0 personality registered for level 0
[    6.042241] md: raid1 personality registered for level 1
[    6.117090] raid6: sse2x1   gen()  2963 MB/s
[    6.185003] raid6: sse2x1   xor()  3434 MB/s
[    6.253233] raid6: sse2x2   gen()  8958 MB/s
[    6.321191] raid6: sse2x2   xor()  7410 MB/s
[    6.389396] raid6: sse2x4   gen()  6970 MB/s
[    6.456990] raid6: sse2x4   xor()  4324 MB/s
[    6.524991] raid6: avx2x1   gen()  9193 MB/s
[    6.593101] raid6: avx2x2   gen() 11609 MB/s
[    6.660992] raid6: avx2x4   gen() 12227 MB/s
[    6.662768] raid6: using algorithm avx2x4 gen() 12227 MB/s
[    6.664879] raid6: using avx2x2 recovery algorithm
[    6.669044] xor: automatically using best checksumming function:
[    6.708991]    avx       : 15802.000 MB/sec
[    6.713060] async_tx: api initialized (async)
[    6.733987] md: raid6 personality registered for level 6
[    6.736603] md: raid5 personality registered for level 5
[    6.739712] md: raid4 personality registered for level 4
[    6.752832] md: raid10 personality registered for level 10
done.
Begin: Running /scripts/init-premount ... done.
Begin: Mounting root file system ... Begin: Running /scripts/local-top ... done.
Begin: Running /scripts/local-premount ... [    6.789365] Btrfs loaded
Scanning for Btrfs filesystems
done.
Warning: fsck not present, so skipping root file system
[    6.980605] EXT4-fs (sda1): mounted filesystem with ordered data mode. Opts: (null)
done.
Begin: Running /scripts/local-bottom ... done.
Begin: Running /scripts/init-bottom ... done.
[    7.120742] systemd[1]: systemd 229 running in system mode. (+PAM +AUDIT +SELINUX +IMA +APPARMOR +SMACK +SYSVINIT +UTMP +LIBCRYPTSETUP +GCRYPT +GNUTLS +ACL +XZ -LZ4 +SECCOMP +BLKID +ELFUTILS +KMOD -IDN)
[    7.127226] systemd[1]: Detected virtualization oracle.
[    7.129213] systemd[1]: Detected architecture x86-64.

Welcome to [1mUbuntu 16.04.6 LTS[0m!

[    7.430544] systemd[1]: Set hostname to <ubuntu>.
[    7.495583] systemd[1]: Initializing machine ID from random generator.
[    7.500009] systemd[1]: Installed transient /etc/machine-id file.
[    8.235301] random: nonblocking pool is initialized
[    8.258246] systemd[1]: Listening on Journal Socket.
[[0;32m  OK  [0m] Listening on Journal Socket.
[    8.448485] systemd[1]: Listening on udev Kernel Socket.
[[0;32m  OK  [0m] Listening on udev Kernel Socket.
[    8.452987] systemd[1]: Listening on udev Control Socket.
[[0;32m  OK  [0m] Listening on udev Control Socket.
[    8.458313] systemd[1]: Set up automount Arbitrary Executable File Formats File System Automount Point.
[[0;32m  OK  [0m] Set up automount Arbitrary Executab...ats File System Automount Point.
[    8.466650] systemd[1]: Reached target System Time Synchronized.
[[0;32m  OK  [0m] Reached target System Time Synchronized.
[    8.471007] systemd[1]: Listening on Journal Audit Socket.
[[0;32m  OK  [0m] Listening on Journal Audit Socket.
[    8.474723] systemd[1]: Reached target Swap.
[[0;32m  OK  [0m] Reached target Swap.
[    8.478247] systemd[1]: Listening on Device-mapper event daemon FIFOs.
[[0;32m  OK  [0m] Listening on Device-mapper event daemon FIFOs.
[    8.482481] systemd[1]: Created slice User and Session Slice.
[[0;32m  OK  [0m] Created slice User and Session Slice.
[    8.490607] systemd[1]: Listening on Syslog Socket.
[[0;32m  OK  [0m] Listening on Syslog Socket.
[    8.493611] systemd[1]: Reached target Encrypted Volumes.
[[0;32m  OK  [0m] Reached target Encrypted Volumes.
[    8.497199] systemd[1]: Listening on Journal Socket (/dev/log).
[[0;32m  OK  [0m] Listening on Journal Socket (/dev/log).
[    8.569845] systemd[1]: Started Forward Password Requests to Wall Directory Watch.
[[0;32m  OK  [0m] Started Forward Password Requests to Wall Directory Watch.
[    8.582428] systemd[1]: Reached target User and Group Name Lookups.
[[0;32m  OK  [0m] Reached target User and Group Name Lookups.
[    8.586910] systemd[1]: Created slice System Slice.
[[0;32m  OK  [0m] Created slice System Slice.
[    8.601442] systemd[1]: Starting Set console keymap...
         Starting Set console keymap...
[    8.606303] systemd[1]: Reached target Slices.
[[0;32m  OK  [0m] Reached target Slices.
[    8.618705] systemd[1]: Starting Nameserver information manager...
         Starting Nameserver information manager...
[    8.645691] systemd[1]: Mounting Debug File System...
         Mounting Debug File System...
[    8.654500] systemd[1]: Starting Remount Root and Kernel File Systems...
         Starting Remount Root and Kernel File Systems...
[    8.659712] systemd[1]: Mounting POSIX Message Queue File System...
         Mounting POSIX Message Queue File System...
[    8.665954] EXT4-fs (sda1): re-mounted. Opts: (null)
[    8.670476] systemd[1]: Starting Journal Service...
         Starting Journal Service...
[    8.690784] systemd[1]: Starting Create list of required static device nodes for the current kernel...
         Starting Create list of required st... nodes for the current kernel...
[    8.697266] systemd[1]: Mounting Huge Pages File System...
         Mounting Huge Pages File System...
[    8.704154] systemd[1]: Created slice system-serial\x2dgetty.slice.
[[0;32m  OK  [0m] Created slice system-serial\x2dgetty.slice.
[    8.707804] systemd[1]: Listening on LVM2 metadata daemon socket.
[[0;32m  OK  [0m] Listening on LVM2 metadata daemon socket.
[    8.718338] systemd[1]: Starting Monitoring of LVM2 mirrors, snapshots etc. using dmeventd or progress polling...
         Starting Monitoring of LVM2 mirrors... dmeventd or progress polling...
[    8.724245] systemd[1]: Listening on LVM2 poll daemon socket.
[[0;32m  OK  [0m] Listening on LVM2 poll daemon socket.
[    8.728461] systemd[1]: Started Trigger resolvconf update for networkd DNS.
[[0;32m  OK  [0m] Started Trigger resolvconf update for networkd DNS.
[    8.758323] systemd[1]: Starting Uncomplicated firewall...
         Starting Uncomplicated firewall...
[    8.762070] systemd[1]: Listening on /dev/initctl Compatibility Named Pipe.
[[0;32m  OK  [0m] Listening on /dev/initctl Compatibility Named Pipe.
[    8.769807] systemd[1]: Starting Load Kernel Modules...
         Starting Load Kernel Modules...
[    8.776773] systemd[1]: Mounted Debug File System.
[[0;32m  OK  [0m] Mounted Debug File System.
[    8.780698] systemd[1]: Mounted Huge Pages File System.
[[0;32m  OK  [0m] Mounted Huge Pages File System.
[    8.784605] systemd[1]: Mounted POSIX Message Queue File System.
[    8.787755] Loading iSCSI transport class v2.0-870.
[[0;32m  OK  [0m] Mounted POSIX Message Queue File System.
[    8.790434] systemd[1]: Started Journal Service.
[[0;32m  OK  [0m] Started Journal Service.
[[0;32m  OK  [0m] Started Set console keymap.
[[0;32m  OK  [0m] Started Remount Root and Kernel File Systems.
[[0;32m  OK  [0m] Started Create list of required sta...ce nodes for the current kernel.
[[0;32m  OK  [0m] Started Uncomplicated firewall.
[[0;32m  OK  [0m] Started Nameserver information manager.
[    8.815344] iscsi: registered transport (tcp)
[    8.875623] iscsi: registered transport (iser)
[[0;32m  OK  [0m] Started Load Kernel Modules.
         Mounting FUSE Control File System...
         Starting Apply Kernel Variables...
[[0;32m  OK  [0m] Started LVM2 metadata daemon.
         Starting Create Static Device Nodes in /dev...
         Starting Load/Save Random Seed...
         Starting udev Coldplug all Devices...
         Starting Flush Journal to Persistent Storage...
[[0;32m  OK  [0m] Mounted FUSE Control File System.
[[0;32m  OK  [0m] Started Apply Kernel Variables.
[[0;32m  OK  [0m] Started Load/Save Random Seed.
[[0;32m  OK  [0m] Started Create Static Device Nodes in /dev.
[[0;32m  OK  [0m] Started Flush Journal to Persistent Storage.
[[0;32m  OK  [0m] Started udev Coldplug all Devices.
         Starting udev Kernel Device Manager...
[[0;32m  OK  [0m] Started udev Kernel Device Manager.
[[0;32m  OK  [0m] Started Dispatch Password Requests to Console Directory Watch.
[[0;32m  OK  [0m] Started Monitoring of LVM2 mirrors,...ng dmeventd or progress polling.
[[0;32m  OK  [0m] Found device /dev/ttyS0.
[[0;32m  OK  [0m] Reached target Local File Systems (Pre).
[[0;32m  OK  [0m] Reached target Local File Systems.
         Starting Tell Plymouth To Write Out Runtime Data...
         Starting Commit a transient machine-id on disk...
         Starting Create Volatile Files and Directories...
         Starting Initial cloud-init job (pre-networking)...
         Starting Set console font and keymap...
         Starting LSB: AppArmor initialization...
[[0;32m  OK  [0m] Started Tell Plymouth To Write Out Runtime Data.
[[0;32m  OK  [0m] Started Commit a transient machine-id on disk.
[[0;32m  OK  [0m] Started Create Volatile Files and Directories.
[[0;32m  OK  [0m] Listening on Load/Save RF Kill Switch Status /dev/rfkill Watch.
         Starting Update UTMP about System Boot/Shutdown...
[[0;32m  OK  [0m] Started Update UTMP about System Boot/Shutdown.
[   10.545927] cloud-init[515]: Cloud-init v. 19.2-36-g059d049c-0ubuntu2~16.04.1 running 'init-local' at Wed, 15 Jan 2020 17:00:26 +0000. Up 9.93 seconds.
[[0;32m  OK  [0m] Started Initial cloud-init job (pre-networking).
[[0;32m  OK  [0m] Reached target Network (Pre).
[[0;32m  OK  [0m] Started Set console font and keymap.
[[0;32m  OK  [0m] Created slice system-getty.slice.
[[0;32m  OK  [0m] Started LSB: AppArmor initialization.
         Starting Raise network interfaces...
[[0;32m  OK  [0m] Started Raise network interfaces.
         Starting Initial cloud-init job (metadata service crawler)...
[[0;32m  OK  [0m] Reached target Network.
[   12.210935] cloud-init[956]: Cloud-init v. 19.2-36-g059d049c-0ubuntu2~16.04.1 running 'init' at Wed, 15 Jan 2020 17:00:27 +0000. Up 11.52 seconds.
[   12.212861] cloud-init[956]: ci-info: ++++++++++++++++++++++++++++++++++++++Net device info+++++++++++++++++++++++++++++++++++++++
[   12.214358] cloud-init[956]: ci-info: +--------+-------+----------------------------+---------------+--------+-------------------+
[   12.216098] cloud-init[956]: ci-info: | Device |   Up  |          Address           |      Mask     | Scope  |     Hw-Address    |
[   12.217750] cloud-init[956]: ci-info: +--------+-------+----------------------------+---------------+--------+-------------------+
[   12.224923] cloud-init[956]: ci-info: | enp0s3 |  True |         10.0.2.15          | 255.255.255.0 | global | 02:4f:25:6a:cc:77 |
[   12.232520] cloud-init[956]: ci-info: | enp0s3 |  True | fe80::4f:25ff:fe6a:cc77/64 |       .       |  link  | 02:4f:25:6a:cc:77 |
[   12.241029] cloud-init[956]: ci-info: | enp0s8 | False |             .              |       .       |   .    | 08:00:27:57:69:b0 |
[   12.248590] cloud-init[956]: ci-info: |   lo   |  True |         127.0.0.1          |   255.0.0.0   |  host  |         .         |
[   12.249835] cloud-init[956]: ci-info: |   lo   |  True |          ::1/128           |       .       |  host  |         .         |
[   12.250922] cloud-init[956]: ci-info: +--------+-------+----------------------------+---------------+--------+-------------------+
[   12.251883] cloud-init[956]: ci-info: +++++++++++++++++++++++++++Route IPv4 info++++++++++++++++++++++++++++
[   12.252708] cloud-init[956]: ci-info: +-------+-------------+----------+---------------+-----------+-------+
[   12.253791] cloud-init[956]: ci-info: | Route | Destination | Gateway  |    Genmask    | Interface | Flags |
[   12.254982] cloud-init[956]: ci-info: +-------+-------------+----------+---------------+-----------+-------+
[   12.256013] cloud-init[956]: ci-info: |   0   |   0.0.0.0   | 10.0.2.2 |    0.0.0.0    |   enp0s3  |   UG  |
[   12.257052] cloud-init[956]: ci-info: |   1   |   10.0.2.0  | 0.0.0.0  | 255.255.255.0 |   enp0s3  |   U   |
[   12.258093] cloud-init[956]: ci-info: +-------+-------------+----------+---------------+-----------+-------+
[   12.259193] cloud-init[956]: ci-info: +++++++++++++++++++Route IPv6 info+++++++++++++++++++
[   12.260189] cloud-init[956]: ci-info: +-------+-------------+---------+-----------+-------+
[   12.268685] cloud-init[956]: ci-info: | Route | Destination | Gateway | Interface | Flags |
[   12.280292] [cloud-init[0;32m  OK  [0m[956]: ] ci-info: +-------+-------------+---------+-----------+-------+Started Initial cloud-init job (metadata service crawler).

[   12.281592] cloud-init[956]: ci-info: |   0   |  fe80::/64  |    ::   |   enp0s3  |   U   |
[   12.283103] [[0;32m  OK  [0m] Reached target System Initialization.
cloud-init[956]: ci-info: |   3   |   ff00::/8  |    ::   |   enp0s3  |   U   |
[[0;32m  OK  [0m] Started Daily Cleanup of Temporary Directories.
[   12.284517] [[0;32m  OK  [0m] Started Message of the Day.
         Starting Socket activation for snappy daemon.
cloud-init[956]: ci-info: +-------+-------------+---------+-----------+-------+
[[0;32m  OK  [0m] Started Daily apt download activities.
[[0;32m  OK  [0m] Started Daily apt upgrade and clean activities.
[   12.286997] cloud-init[956]: Generating public/private rsa key pair.
[   12.293792] [cloud-init[0;32m  OK  [0m[956]: ] Your identification has been saved in /etc/ssh/ssh_host_rsa_key.Reached target Timers.

[   12.294052] cloud-init[956]: Your public key has been saved in /etc/ssh/ssh_host_rsa_key.pub.
[   12.308668]          Starting LXD - unix socket.
[[0;32m  OK  [0m] Listening on ACPID Listen Socket.
cloud-init[956]: The key fingerprint is:
[   12.310161] [[0;32m  OK  [0m] Started ACPI Events Check.
[[0;32m  OK  [0m] Reached target Paths.
[[0;32m  OK  [0m] Listening on UUID daemon activation socket.
[[0;32m  OK  [0m] Listening on D-Bus System Message Bus Socket.
[[0;32m  OK  [0m] Reached target Cloud-config availability.
[[0;32m  OK  [0m] Reached target Network is Online.
cloud-init[956]: SHA256:WNxnx750GHCB/G8Ovk1DLDvLb1JiXUqJpfbkwKf5NtE root@ubuntu-xenial
[   12.314264] cloud-init[956]: The key's randomart image is:
[   12.315371] cloud-init[956]: +---[RSA 2048]----+
[   12.316382] cloud-init[956]: |           ...o. |
[   12.317164] cloud-init[956]: |       . .  o+.  |
[   12.317898] cloud-init[956]: |        o ..o=+. |
[   12.324239]          Starting iSCSI initiator daemon (iscsid)...
cloud-init[956]: |       o   o*oBo.|[[0;32m  OK  [0m] Listening on Socket activation for snappy daemon.
[[0;32m  OK  [0m] Listening on LXD - unix socket.
[[0;32m  OK  [0m] Reached target Sockets.
[[0;32m  OK  [0m] Reached target Basic System.

[[0;32m  OK  [0m] Started Regular background program processing daemon.
[   12.328817] [[0;32m  OK  [0m] Started ACPI event daemon.
         Starting Accounts Service...
         Starting System Logging Service...
         Starting Pollinate to seed the pseudo random number generator...
         Starting Login Service...
         Starting LSB: Record successful boot for GRUB...
cloud-init[956]: |      . S  . @=*o|[[0;32m  OK  [0m] Started FUSE filesystem for LXC.
         Starting Virtualbox guest utils...
[[0;32m  OK  [0m] Started Deferred execution scheduler.
         Starting LXD - container startup/shutdown...
[[0;32m  OK  [0m] Started D-Bus System Message Bus.

[   12.356712] cloud-init[956]: |            o+X=E|
[   12.357721] cloud-init[956]: |            .=+*.|
[   12.360253] cloud-init[956]: |            ..B+o|
[   12.361779] cloud-init[956]: |             +=+.|
[   12.363143] cloud-init[956]: +----[SHA256]-----+
[   12.365249] cloud-init[956]: Generating public/private dsa key pair.
[   12.366486] cloud-init[956]: Your identification has been saved in /etc/ssh/ssh_host_dsa_key.
[   12.368555] cloud-init[956]: Your public key has been saved in /etc/ssh/ssh_host_dsa_key.pub.
[   12.370703] cloud-init[956]: The key fingerprint is:
[   12.376264] cloud-init[956]: SHA256:sQMWQHDZ8O+E41/oJhwHqgMPA/s2b0Ji+g1OFRNxNoo root@ubuntu-xenial
[   12.377756] cloud-init[956]: The key's randomart image is:
[   12.379126] cloud-init[956]: +---[DSA 1024]----+
[   12.380208] cloud-init[956]: |  .oB*=          |
[   12.381010] cloud-init[956]: |   o.*.o         |
[   12.382053] cloud-init[956]: |  E + + .        |
[   12.382952] cloud-init[956]: |.    +.+ o       |
[   12.383721] cloud-init[956]: |..  ..o.S        |
[   12.385162] cloud-init[956]: |*......+.o       |
[   12.386586] cloud-init[956]: |oOo. ..oo .      |
[   12.387805] cloud-init[956]: |.oOo. oo..       |
[   12.388792] cloud-init[956]: | oo*o  oo        |
[   12.390728] cloud-init[956]: +----[SHA256]-----+
[   12.391657] cloud-init[956]: Generating public/private ecdsa key pair.
[   12.395116] cloud-init[956]: Your identification has been saved in /etc/ssh/ssh_host_ecdsa_key.
[   12.397077] cloud-init[956]: Your public key has been saved in /etc/ssh/ssh_host_ecdsa_key.pub.
[   12.399492] cloud-init[956]: The key fingerprint is:
[   12.400609] cloud-init[956]: SHA256:GFQAu/C29BU1UyoFf6ssL0jZp2YLCoMLSgL7WFj197g root@ubuntu-xenial
[   12.401930] cloud-init[956]: The key's randomart image is:
[   12.402946] cloud-init[956]: +---[ECDSA 256]---+
[   12.403692] cloud-init[956]: |    ..ooo.=..    |
[   12.416234] cloud-init[956]: |     o   + +     |
[   12.418447] cloud-init[956]: |  . o . o o .    |
[   12.419469] cloud-init[956]: |   + o o o . .   |
[   12.420624] cloud-init[956]: |. . = ooS   .    |
         Starting LSB: MD monitoring daemon...
         Starting /etc/rc.local Compatibility...
[   12.434818] cloud-init[956]: |.= o ooo.+..     |
[   12.450289] cloud-init[956]: |*.+ ..o.oo+      |
[   12.458628]          Starting Snappy daemon...
cloud-init[956]: |== o ...=+       |
[   12.459703] [[0;32m  OK  [0m] Started System Logging Service.
cloud-init[956]: |+ . .  oEo.      |
[   12.461145] [[0;32m  OK  [0m] Started /etc/rc.local Compatibility.
cloud-init[956]: +----[SHA256]-----+
[   12.466236] cloud-init[956]: Generating public/private ed25519 key pair.
[   12.467645] cloud-init[956]: Your identification has been saved in /etc/ssh/ssh_host_ed25519_key.
[   12.469316] cloud-init[956]: Your public key has been saved in /etc/ssh/ssh_host_ed25519_key.pub.
[   12.471089] cloud-init[956]: The key fingerprint is:
[   12.472231] cloud-init[956]: SHA256:cH2691VdqiSRe9OSDFmGH8hpucAPi6nhoZ/08ladwb4 root@ubuntu-xenial
[[0;32m  OK  [0m] Started iSCSI initiator daemon (iscsid).
[   12.478732] cloud-init[956]: The key's randomart image is:
[   12.484751] cloud-init[956]: +--[ED25519 256]--+
[   12.486008] cloud-init[956]: |       . . =o    |
[   12.486857] cloud-init[956]: |        +.B=.    |
[   12.489578] cloud-init[956]: |      .o.B*o..  .|
[   12.494917] cloud-init[956]: |    o oo. =B.o .o|
[   12.496413] cloud-init[956]: |   o +  So+oB o o|
[   12.498066] cloud-init[956]: |  . +   . += +  .|
[   12.499896] cloud-init[956]: |   o o .  ..o   .|
[   12.506111] cloud-init[956]: |    + o   E. . . |
[   12.507278] cloud-init[956]: |     +.       .  |
[   12.509277] cloud-init[956]: +----[SHA256]-----+
[[0;32m  OK  [0m] Started Login Service.
[[0;32m  OK  [0m] Started Unattended Upgrades Shutdown.
         Starting Authenticate and Authorize Users to Run Privileged Tasks...
         Starting Login to default iSCSI targets...
[[0;32m  OK  [0m] Started LSB: Record successful boot for GRUB.
[[0;32m  OK  [0m] Started Authenticate and Authorize Users to Run Privileged Tasks.
[[0;32m  OK  [0m] Started Accounts Service.
[[0;32m  OK  [0m] Started LXD - container startup/shutdown.
[[0;32m  OK  [0m] Started LSB: MD monitoring daemon.
[[0;32m  OK  [0m] Started Login to default iSCSI targets.
[[0;32m  OK  [0m] Reached target Remote File Systems (Pre).
[[0;32m  OK  [0m] Reached target Remote File Systems.
         Starting Permit User Sessions...
         Starting LSB: daemon to balance interrupts for SMP systems...
         Starting LSB: automatic crash report generation...
         Starting LSB: Set the CPU Frequency Scaling governor to "ondemand"...
[[0;32m  OK  [0m] Started Virtualbox guest utils.
[[0;32m  OK  [0m] Started Permit User Sessions.
         Starting Hold until boot process finishes up...
         Starting Terminate Plymouth Boot Screen...
[[0;32m  OK  [0m] Started LSB: daemon to balance interrupts for SMP systems.
[[0;32m  OK  [0m] Started LSB: automatic crash report generation.
[[0;32m  OK  [0m] Started LSB: Set the CPU Frequency Scaling governor to "ondemand".
[[0;32m  OK  [0m] Started Hold until boot process finishes up.
         Starting Set console scheme...
[[0;32m  OK  [0m] Started Getty on tty1.
[[0;32m  OK  [0m] Started Serial Getty on ttyS0.
[[0;32m  OK  [0m] Reached target Login Prompts.
[[0;32m  OK  [0m] Started Terminate Plymouth Boot Screen.
[[0;32m  OK  [0m] Started Set console scheme.
[[0;32m  OK  [0m] Started Snappy daemon.
         Starting Wait until snapd is fully seeded...
[[0;32m  OK  [0m] Started Pollinate to seed the pseudo random number generator.
         Starting OpenBSD Secure Shell server...
[[0;32m  OK  [0m] Started OpenBSD Secure Shell server.
[[0;32m  OK  [0m] Created slice User Slice of vagrant.
         Starting User Manager for UID 1000...
[[0;32m  OK  [0m] Started Session 1 of user vagrant.
[[0;32m  OK  [0m] Started User Manager for UID 1000.
[[0;32m  OK  [0m] Started Wait until snapd is fully seeded.
         Starting Apply the settings specified in cloud-config...
[[0;32m  OK  [0m] Reached target Multi-User System.
[[0;32m  OK  [0m] Reached target Graphical Interface.
         Starting Update UTMP about System Runlevel Changes...
[[0;32m  OK  [0m] Started Update UTMP about System Runlevel Changes.
[   14.774978] cloud-init[1375]: Generating locales (this might take a while)...
[   16.000524] cloud-init[1375]:   en_US.UTF-8... done
[   16.003346] cloud-init[1375]: Generation complete.
[   16.629301] cloud-init[1375]: Cloud-init v. 19.2-36-g059d049c-0ubuntu2~16.04.1 running 'modules:config' at Wed, 15 Jan 2020 17:00:30 +0000. Up 14.41 seconds.
[[0;32m  OK  [0m] Started Apply the settings specified in cloud-config.
         Starting Execute cloud user/final scripts...
ci-info: no authorized ssh keys fingerprints found for user ubuntu.
<14>Jan 15 17:00:33 ec2: 
<14>Jan 15 17:00:33 ec2: #############################################################
<14>Jan 15 17:00:33 ec2: -----BEGIN SSH HOST KEY FINGERPRINTS-----
<14>Jan 15 17:00:33 ec2: 1024 SHA256:sQMWQHDZ8O+E41/oJhwHqgMPA/s2b0Ji+g1OFRNxNoo root@ubuntu-xenial (DSA)
<14>Jan 15 17:00:33 ec2: 256 SHA256:GFQAu/C29BU1UyoFf6ssL0jZp2YLCoMLSgL7WFj197g root@ubuntu-xenial (ECDSA)
<14>Jan 15 17:00:33 ec2: 256 SHA256:cH2691VdqiSRe9OSDFmGH8hpucAPi6nhoZ/08ladwb4 root@ubuntu-xenial (ED25519)
<14>Jan 15 17:00:33 ec2: 2048 SHA256:WNxnx750GHCB/G8Ovk1DLDvLb1JiXUqJpfbkwKf5NtE root@ubuntu-xenial (RSA)
<14>Jan 15 17:00:33 ec2: -----END SSH HOST KEY FINGERPRINTS-----
<14>Jan 15 17:00:33 ec2: #############################################################
-----BEGIN SSH HOST KEY KEYS-----
ecdsa-sha2-nistp256 AAAAE2VjZHNhLXNoYTItbmlzdHAyNTYAAAAIbmlzdHAyNTYAAABBBNj0YzUsJNEv7hccWRKejBAHx2vx6iWGpbvqQ91FeNY63LwCh7bU/QGE21QMbu7puMY4jaX9/fvx+0zbdvmFHc4= root@ubuntu-xenial
ssh-ed25519 AAAAC3NzaC1lZDI1NTE5AAAAIG4rnCNSbtVDn1fCWGM3iT5xhc1XckZSXuQM/N93HIgs root@ubuntu-xenial
ssh-rsa AAAAB3NzaC1yc2EAAAADAQABAAABAQCuTSFpQl+roFyNBWzd5vEXnW9zDbBSd+e1iA8Slfnhj8NddVFUjWTzKmsLuyDacuM08M3HFGFLYzcQBB8ZOBB7Epfnn7y15nx4kieJOlXyafSBEHDFakziB26Y9K8Mi5oZpuOFxwJC3Ow/6Uj9YKtc4BHefuWHOKPCeNpHLcT/D1eCpQGg2t02/kxYjmePzr4ZG5pgoe3whCDqucIoXCN9nQYP34SmQZO/XckPPckNx1zRz+LK/+HfkmC8pcEHVkd+9rZsUCuEjCNYWjYexBJ8pI5eQqZ34ZXxB4zqB3JYFBRZqVOnVhAI9xEvroz/iiE/XADK31MSIxdVSS2YIZol root@ubuntu-xenial
-----END SSH HOST KEY KEYS-----
[   17.337095] cloud-init[1553]: Cloud-init v. 19.2-36-g059d049c-0ubuntu2~16.04.1 running 'modules:final' at Wed, 15 Jan 2020 17:00:33 +0000. Up 17.14 seconds.
[   17.344476] cloud-init[1553]: ci-info: no authorized ssh keys fingerprints found for user ubuntu.
[   17.352389] cloud-init[1553]: Cloud-init v. 19.2-36-g059d049c-0ubuntu2~16.04.1 finished at Wed, 15 Jan 2020 17:00:33 +0000. Datasource DataSourceNoCloud [seed=/dev/sdb][dsmode=net].  Up 17.33 seconds
[[0;32m  OK  [0m] Started Execute cloud user/final scripts.
[[0;32m  OK  [0m] Reached target Cloud-init target.

Ubuntu 16.04.6 LTS ubuntu-xenial ttyS0

ubuntu-xenial login: 